<?xml version="1.0" encoding="UTF-8"?>
<!-- Generated by org.testng.reporters.JUnitReportReporter -->
<testsuite hostname="DESKTOP-2PD343D" failures="0" tests="5" name="entrataTest.demoTestClass" time="25.779" errors="0" timestamp="2024-01-14T14:16:12 IST" skipped="0">
  <testcase classname="entrataTest.demoTestClass" name="verifyPageTitle" time="0.021"/>
  <system-out/>
  <testcase classname="entrataTest.demoTestClass" name="verifyPageLogo" time="0.043"/>
  <system-out/>
  <testcase classname="entrataTest.demoTestClass" name="watchDemo" time="6.243"/>
  <system-out/>
  <testcase classname="entrataTest.demoTestClass" name="watchProductResidentPayDemo" time="10.484"/>
  <system-out/>
  <testcase classname="entrataTest.demoTestClass" name="solutionsMultiFamilyWatchWhyEntrataVideo" time="8.988"/>
  <system-out/>
</testsuite> <!-- entrataTest.demoTestClass -->
