<?xml version="1.0" encoding="UTF-8"?>
<!-- Generated by org.testng.reporters.JUnitReportReporter -->
<testsuite hostname="DESKTOP-2PD343D" failures="0" tests="5" name="entrataTest.demoTestClass" time="17.578" errors="0" timestamp="2024-01-14T01:46:45 IST" skipped="0">
  <testcase classname="entrataTest.demoTestClass" name="verifyPageTitle" time="0.014"/>
  <system-out/>
  <testcase classname="entrataTest.demoTestClass" name="verifyPageLogo" time="0.030"/>
  <system-out/>
  <testcase classname="entrataTest.demoTestClass" name="watchDemo" time="4.667"/>
  <system-out/>
  <testcase classname="entrataTest.demoTestClass" name="watchProductResidentPayDemo" time="8.798"/>
  <system-out/>
  <testcase classname="entrataTest.demoTestClass" name="solutionsMultiFamilyWatchWhyEntrataVideo" time="4.069"/>
  <system-out/>
</testsuite> <!-- entrataTest.demoTestClass -->
